{"contracts/Example.sol":{"l":{"13":4,"17":1,"24":2,"28":1},"path":"/Users/liaojinlong/Workspace/CPChain/cpchain-dapps-utils/contracts/Example.sol","s":{"1":4,"2":1,"3":2,"4":1},"b":{},"f":{"1":4,"2":1,"3":2,"4":1},"fnMap":{"1":{"name":"greet","line":12,"loc":{"start":{"line":12,"column":4},"end":{"line":14,"column":4}}},"2":{"name":"ownerGreet","line":16,"loc":{"start":{"line":16,"column":4},"end":{"line":18,"column":4}}},"3":{"name":"greet","line":23,"loc":{"start":{"line":23,"column":4},"end":{"line":25,"column":4}}},"4":{"name":"ownerGreet","line":27,"loc":{"start":{"line":27,"column":4},"end":{"line":29,"column":4}}}},"statementMap":{"1":{"start":{"line":13,"column":8},"end":{"line":13,"column":21}},"2":{"start":{"line":17,"column":8},"end":{"line":17,"column":22}},"3":{"start":{"line":24,"column":8},"end":{"line":24,"column":21}},"4":{"start":{"line":28,"column":8},"end":{"line":28,"column":22}}},"branchMap":{}},"contracts/lifecycle/Enable.sol":{"l":{"18":5,"19":4,"26":1,"27":1,"34":1,"35":1},"path":"/Users/liaojinlong/Workspace/CPChain/cpchain-dapps-utils/contracts/lifecycle/Enable.sol","s":{"1":5,"2":1,"3":1,"4":1,"5":1},"b":{"1":[4,1]},"f":{"1":5,"2":1,"3":1},"fnMap":{"1":{"name":"onlyEnabled","line":17,"loc":{"start":{"line":17,"column":4},"end":{"line":20,"column":4}}},"2":{"name":"enableContract","line":25,"loc":{"start":{"line":25,"column":4},"end":{"line":28,"column":4}}},"3":{"name":"disableContract","line":33,"loc":{"start":{"line":33,"column":4},"end":{"line":36,"column":4}}}},"statementMap":{"1":{"start":{"line":18,"column":8},"end":{"line":18,"column":61}},"2":{"start":{"line":26,"column":8},"end":{"line":26,"column":21}},"3":{"start":{"line":27,"column":8},"end":{"line":27,"column":41}},"4":{"start":{"line":34,"column":8},"end":{"line":34,"column":22}},"5":{"start":{"line":35,"column":8},"end":{"line":35,"column":41}}},"branchMap":{"1":{"line":18,"type":"if","locations":[{"start":{"line":18,"column":8},"end":{"line":18,"column":8}},{"start":{"line":18,"column":8},"end":{"line":18,"column":8}}]}}},"contracts/math/SafeMath.sol":{"l":{"14":0,"15":0,"17":0,"30":0,"31":0,"33":0,"49":0,"50":0,"53":0,"54":0,"56":0,"72":0,"73":0,"76":0,"91":0,"92":0},"path":"/Users/liaojinlong/Workspace/CPChain/cpchain-dapps-utils/contracts/math/SafeMath.sol","s":{"1":0,"2":0,"3":0,"4":0,"5":0,"6":0,"7":0,"8":0,"9":0,"10":0,"11":0,"12":0,"13":0,"14":0,"15":0,"16":0},"b":{"1":[0,0],"2":[0,0],"3":[0,0],"4":[0,0],"5":[0,0],"6":[0,0]},"f":{"1":0,"2":0,"3":0,"4":0,"5":0},"fnMap":{"1":{"name":"add","line":13,"loc":{"start":{"line":13,"column":4},"end":{"line":18,"column":4}}},"2":{"name":"sub","line":29,"loc":{"start":{"line":29,"column":4},"end":{"line":34,"column":4}}},"3":{"name":"mul","line":45,"loc":{"start":{"line":45,"column":4},"end":{"line":57,"column":4}}},"4":{"name":"div","line":70,"loc":{"start":{"line":70,"column":4},"end":{"line":77,"column":4}}},"5":{"name":"mod","line":90,"loc":{"start":{"line":90,"column":4},"end":{"line":93,"column":4}}}},"statementMap":{"1":{"start":{"line":14,"column":8},"end":{"line":14,"column":25}},"2":{"start":{"line":15,"column":8},"end":{"line":15,"column":53}},"3":{"start":{"line":17,"column":8},"end":{"line":17,"column":16}},"4":{"start":{"line":30,"column":8},"end":{"line":30,"column":56}},"5":{"start":{"line":31,"column":8},"end":{"line":31,"column":25}},"6":{"start":{"line":33,"column":8},"end":{"line":33,"column":16}},"7":{"start":{"line":49,"column":8},"end":{"line":49,"column":1433}},"8":{"start":{"line":50,"column":12},"end":{"line":50,"column":20}},"9":{"start":{"line":53,"column":8},"end":{"line":53,"column":25}},"10":{"start":{"line":54,"column":8},"end":{"line":54,"column":63}},"11":{"start":{"line":56,"column":8},"end":{"line":56,"column":16}},"12":{"start":{"line":72,"column":8},"end":{"line":72,"column":51}},"13":{"start":{"line":73,"column":8},"end":{"line":73,"column":25}},"14":{"start":{"line":76,"column":8},"end":{"line":76,"column":16}},"15":{"start":{"line":91,"column":8},"end":{"line":91,"column":50}},"16":{"start":{"line":92,"column":8},"end":{"line":92,"column":20}}},"branchMap":{"1":{"line":15,"type":"if","locations":[{"start":{"line":15,"column":8},"end":{"line":15,"column":8}},{"start":{"line":15,"column":8},"end":{"line":15,"column":8}}]},"2":{"line":30,"type":"if","locations":[{"start":{"line":30,"column":8},"end":{"line":30,"column":8}},{"start":{"line":30,"column":8},"end":{"line":30,"column":8}}]},"3":{"line":49,"type":"if","locations":[{"start":{"line":49,"column":8},"end":{"line":49,"column":8}},{"start":{"line":49,"column":8},"end":{"line":49,"column":8}}]},"4":{"line":54,"type":"if","locations":[{"start":{"line":54,"column":8},"end":{"line":54,"column":8}},{"start":{"line":54,"column":8},"end":{"line":54,"column":8}}]},"5":{"line":72,"type":"if","locations":[{"start":{"line":72,"column":8},"end":{"line":72,"column":8}},{"start":{"line":72,"column":8},"end":{"line":72,"column":8}}]},"6":{"line":91,"type":"if","locations":[{"start":{"line":91,"column":8},"end":{"line":91,"column":8}},{"start":{"line":91,"column":8},"end":{"line":91,"column":8}}]}}},"contracts/ownership/Claimable.sol":{"l":{"21":3,"22":1,"30":1,"38":1,"39":1,"40":1},"path":"/Users/liaojinlong/Workspace/CPChain/cpchain-dapps-utils/contracts/ownership/Claimable.sol","s":{"1":3,"2":1,"3":1,"4":1,"5":1},"b":{"1":[1,2]},"f":{"1":3,"2":1,"3":1},"fnMap":{"1":{"name":"onlyPendingOwner","line":20,"loc":{"start":{"line":20,"column":4},"end":{"line":23,"column":4}}},"2":{"name":"transferOwnership","line":29,"loc":{"start":{"line":29,"column":4},"end":{"line":31,"column":4}}},"3":{"name":"claimOwnership","line":37,"loc":{"start":{"line":37,"column":4},"end":{"line":41,"column":4}}}},"statementMap":{"1":{"start":{"line":21,"column":8},"end":{"line":21,"column":67}},"2":{"start":{"line":30,"column":8},"end":{"line":30,"column":30}},"3":{"start":{"line":38,"column":8},"end":{"line":38,"column":54}},"4":{"start":{"line":39,"column":8},"end":{"line":39,"column":27}},"5":{"start":{"line":40,"column":8},"end":{"line":40,"column":32}}},"branchMap":{"1":{"line":21,"type":"if","locations":[{"start":{"line":21,"column":8},"end":{"line":21,"column":8}},{"start":{"line":21,"column":8},"end":{"line":21,"column":8}}]}}},"contracts/ownership/Ownable.sol":{"l":{"23":6,"30":10,"31":6,"39":1,"47":1,"48":1},"path":"/Users/liaojinlong/Workspace/CPChain/cpchain-dapps-utils/contracts/ownership/Ownable.sol","s":{"1":6,"2":10,"3":1,"4":1,"5":1},"b":{"1":[6,4]},"f":{"1":6,"2":10,"3":1,"4":1},"fnMap":{"1":{"name":"constructor","line":22,"loc":{"start":{"line":22,"column":4},"end":{"line":24,"column":4}}},"2":{"name":"onlyOwner","line":29,"loc":{"start":{"line":29,"column":4},"end":{"line":32,"column":4}}},"3":{"name":"transferOwnership","line":38,"loc":{"start":{"line":38,"column":4},"end":{"line":40,"column":4}}},"4":{"name":"_transferOwnership","line":46,"loc":{"start":{"line":46,"column":4},"end":{"line":49,"column":4}}}},"statementMap":{"1":{"start":{"line":23,"column":8},"end":{"line":23,"column":25}},"2":{"start":{"line":30,"column":8},"end":{"line":30,"column":52}},"3":{"start":{"line":39,"column":8},"end":{"line":39,"column":36}},"4":{"start":{"line":47,"column":8},"end":{"line":47,"column":51}},"5":{"start":{"line":48,"column":8},"end":{"line":48,"column":24}}},"branchMap":{"1":{"line":30,"type":"if","locations":[{"start":{"line":30,"column":8},"end":{"line":30,"column":8}},{"start":{"line":30,"column":8},"end":{"line":30,"column":8}}]}}},"contracts/token/BaseERC20.sol":{"l":{"42":0,"43":0,"44":0,"47":0,"54":0,"62":0,"78":0,"88":0,"95":0,"107":0,"108":0,"115":0,"126":0,"127":0,"143":0,"144":0,"145":0,"161":0,"162":0,"180":0,"181":0,"199":0,"200":0,"202":0,"203":0,"204":0,"217":0,"219":0,"220":0,"221":0,"236":0,"238":0,"239":0,"240":0,"257":0,"258":0,"260":0,"261":0,"271":0,"272":0},"path":"/Users/liaojinlong/Workspace/CPChain/cpchain-dapps-utils/contracts/token/BaseERC20.sol","s":{"1":0,"2":0,"3":0,"4":0,"5":0,"6":0,"7":0,"8":0,"9":0,"10":0,"11":0,"12":0,"13":0,"14":0,"15":0,"16":0,"17":0,"18":0,"19":0,"20":0,"21":0,"22":0,"23":0,"24":0,"25":0,"26":0,"27":0,"28":0,"29":0,"30":0,"31":0,"32":0,"33":0,"34":0,"35":0,"36":0,"37":0,"38":0,"39":0,"40":0},"b":{"1":[0,0],"2":[0,0],"3":[0,0],"4":[0,0],"5":[0,0],"6":[0,0]},"f":{"1":0,"2":0,"3":0,"4":0,"5":0,"6":0,"7":0,"8":0,"9":0,"10":0,"11":0,"12":0,"13":0,"14":0,"15":0,"16":0,"17":0},"fnMap":{"1":{"name":"constructor","line":41,"loc":{"start":{"line":41,"column":4},"end":{"line":48,"column":4}}},"2":{"name":"name","line":53,"loc":{"start":{"line":53,"column":4},"end":{"line":55,"column":4}}},"3":{"name":"symbol","line":61,"loc":{"start":{"line":61,"column":4},"end":{"line":63,"column":4}}},"4":{"name":"decimals","line":77,"loc":{"start":{"line":77,"column":4},"end":{"line":79,"column":4}}},"5":{"name":"totalSupply","line":87,"loc":{"start":{"line":87,"column":4},"end":{"line":89,"column":4}}},"6":{"name":"balanceOf","line":94,"loc":{"start":{"line":94,"column":4},"end":{"line":96,"column":4}}},"7":{"name":"transfer","line":106,"loc":{"start":{"line":106,"column":4},"end":{"line":109,"column":4}}},"8":{"name":"allowance","line":114,"loc":{"start":{"line":114,"column":4},"end":{"line":116,"column":4}}},"9":{"name":"approve","line":125,"loc":{"start":{"line":125,"column":4},"end":{"line":128,"column":4}}},"10":{"name":"transferFrom","line":142,"loc":{"start":{"line":142,"column":4},"end":{"line":146,"column":4}}},"11":{"name":"increaseAllowance","line":160,"loc":{"start":{"line":160,"column":4},"end":{"line":163,"column":4}}},"12":{"name":"decreaseAllowance","line":179,"loc":{"start":{"line":179,"column":4},"end":{"line":182,"column":4}}},"13":{"name":"_transfer","line":198,"loc":{"start":{"line":198,"column":4},"end":{"line":205,"column":4}}},"14":{"name":"_mint","line":216,"loc":{"start":{"line":216,"column":4},"end":{"line":222,"column":4}}},"15":{"name":"_burn","line":235,"loc":{"start":{"line":235,"column":4},"end":{"line":241,"column":4}}},"16":{"name":"_approve","line":256,"loc":{"start":{"line":256,"column":4},"end":{"line":262,"column":4}}},"17":{"name":"_burnFrom","line":270,"loc":{"start":{"line":270,"column":4},"end":{"line":273,"column":4}}}},"statementMap":{"1":{"start":{"line":42,"column":8},"end":{"line":42,"column":19}},"2":{"start":{"line":43,"column":8},"end":{"line":43,"column":23}},"3":{"start":{"line":44,"column":8},"end":{"line":44,"column":27}},"4":{"start":{"line":47,"column":8},"end":{"line":47,"column":59}},"5":{"start":{"line":54,"column":8},"end":{"line":54,"column":20}},"6":{"start":{"line":62,"column":8},"end":{"line":62,"column":22}},"7":{"start":{"line":78,"column":8},"end":{"line":78,"column":24}},"8":{"start":{"line":88,"column":8},"end":{"line":88,"column":27}},"9":{"start":{"line":95,"column":8},"end":{"line":95,"column":33}},"10":{"start":{"line":107,"column":8},"end":{"line":107,"column":47}},"11":{"start":{"line":108,"column":8},"end":{"line":108,"column":19}},"12":{"start":{"line":115,"column":8},"end":{"line":115,"column":42}},"13":{"start":{"line":126,"column":8},"end":{"line":126,"column":43}},"14":{"start":{"line":127,"column":8},"end":{"line":127,"column":19}},"15":{"start":{"line":143,"column":8},"end":{"line":143,"column":43}},"16":{"start":{"line":144,"column":8},"end":{"line":144,"column":80}},"17":{"start":{"line":145,"column":8},"end":{"line":145,"column":19}},"18":{"start":{"line":161,"column":8},"end":{"line":161,"column":86}},"19":{"start":{"line":162,"column":8},"end":{"line":162,"column":19}},"20":{"start":{"line":180,"column":8},"end":{"line":180,"column":91}},"21":{"start":{"line":181,"column":8},"end":{"line":181,"column":19}},"22":{"start":{"line":199,"column":8},"end":{"line":199,"column":77}},"23":{"start":{"line":200,"column":8},"end":{"line":200,"column":78}},"24":{"start":{"line":202,"column":8},"end":{"line":202,"column":56}},"25":{"start":{"line":203,"column":8},"end":{"line":203,"column":62}},"26":{"start":{"line":204,"column":8},"end":{"line":204,"column":48}},"27":{"start":{"line":217,"column":8},"end":{"line":217,"column":72}},"28":{"start":{"line":219,"column":8},"end":{"line":219,"column":46}},"29":{"start":{"line":220,"column":8},"end":{"line":220,"column":58}},"30":{"start":{"line":221,"column":8},"end":{"line":221,"column":50}},"31":{"start":{"line":236,"column":8},"end":{"line":236,"column":74}},"32":{"start":{"line":238,"column":8},"end":{"line":238,"column":45}},"33":{"start":{"line":239,"column":8},"end":{"line":239,"column":57}},"34":{"start":{"line":240,"column":8},"end":{"line":240,"column":49}},"35":{"start":{"line":257,"column":8},"end":{"line":257,"column":75}},"36":{"start":{"line":258,"column":8},"end":{"line":258,"column":75}},"37":{"start":{"line":260,"column":8},"end":{"line":260,"column":42}},"38":{"start":{"line":261,"column":8},"end":{"line":261,"column":44}},"39":{"start":{"line":271,"column":8},"end":{"line":271,"column":29}},"40":{"start":{"line":272,"column":8},"end":{"line":272,"column":82}}},"branchMap":{"1":{"line":199,"type":"if","locations":[{"start":{"line":199,"column":8},"end":{"line":199,"column":8}},{"start":{"line":199,"column":8},"end":{"line":199,"column":8}}]},"2":{"line":200,"type":"if","locations":[{"start":{"line":200,"column":8},"end":{"line":200,"column":8}},{"start":{"line":200,"column":8},"end":{"line":200,"column":8}}]},"3":{"line":217,"type":"if","locations":[{"start":{"line":217,"column":8},"end":{"line":217,"column":8}},{"start":{"line":217,"column":8},"end":{"line":217,"column":8}}]},"4":{"line":236,"type":"if","locations":[{"start":{"line":236,"column":8},"end":{"line":236,"column":8}},{"start":{"line":236,"column":8},"end":{"line":236,"column":8}}]},"5":{"line":257,"type":"if","locations":[{"start":{"line":257,"column":8},"end":{"line":257,"column":8}},{"start":{"line":257,"column":8},"end":{"line":257,"column":8}}]},"6":{"line":258,"type":"if","locations":[{"start":{"line":258,"column":8},"end":{"line":258,"column":8}},{"start":{"line":258,"column":8},"end":{"line":258,"column":8}}]}}},"contracts/token/IToken.sol":{"l":{},"path":"/Users/liaojinlong/Workspace/CPChain/cpchain-dapps-utils/contracts/token/IToken.sol","s":{},"b":{},"f":{},"fnMap":{},"statementMap":{},"branchMap":{}}}