{"contracts/Example.sol":{"l":{"12":4,"16":1},"path":"/home/zhangk/Documents/github/cpchain-dapps-utils/contracts/Example.sol","s":{"1":4,"2":1},"b":{},"f":{"1":4,"2":1},"fnMap":{"1":{"name":"greet","line":11,"loc":{"start":{"line":11,"column":4},"end":{"line":13,"column":4}}},"2":{"name":"ownerGreet","line":15,"loc":{"start":{"line":15,"column":4},"end":{"line":17,"column":4}}}},"statementMap":{"1":{"start":{"line":12,"column":8},"end":{"line":12,"column":21}},"2":{"start":{"line":16,"column":8},"end":{"line":16,"column":22}}},"branchMap":{}},"contracts/lib/Enable.sol":{"l":{"18":5,"19":4,"26":1,"27":1,"34":1,"35":1},"path":"/home/zhangk/Documents/github/cpchain-dapps-utils/contracts/lib/Enable.sol","s":{"1":5,"2":1,"3":1,"4":1,"5":1},"b":{"1":[4,1]},"f":{"1":5,"2":1,"3":1},"fnMap":{"1":{"name":"onlyEnabled","line":17,"loc":{"start":{"line":17,"column":4},"end":{"line":20,"column":4}}},"2":{"name":"enableContract","line":25,"loc":{"start":{"line":25,"column":4},"end":{"line":28,"column":4}}},"3":{"name":"disableContract","line":33,"loc":{"start":{"line":33,"column":4},"end":{"line":36,"column":4}}}},"statementMap":{"1":{"start":{"line":18,"column":8},"end":{"line":18,"column":23}},"2":{"start":{"line":26,"column":8},"end":{"line":26,"column":21}},"3":{"start":{"line":27,"column":8},"end":{"line":27,"column":41}},"4":{"start":{"line":34,"column":8},"end":{"line":34,"column":22}},"5":{"start":{"line":35,"column":8},"end":{"line":35,"column":41}}},"branchMap":{"1":{"line":18,"type":"if","locations":[{"start":{"line":18,"column":8},"end":{"line":18,"column":8}},{"start":{"line":18,"column":8},"end":{"line":18,"column":8}}]}}},"contracts/lib/Ownable.sol":{"l":{"28":3,"35":7,"36":4,"44":1,"45":1,"53":3,"54":1,"55":1},"path":"/home/zhangk/Documents/github/cpchain-dapps-utils/contracts/lib/Ownable.sol","s":{"1":3,"2":7,"3":1,"4":1,"5":3,"6":1,"7":1},"b":{"1":[4,3],"2":[1,2]},"f":{"1":3,"2":7,"3":1,"4":3},"fnMap":{"1":{"name":"constructor","line":27,"loc":{"start":{"line":27,"column":4},"end":{"line":29,"column":4}}},"2":{"name":"onlyOwner","line":34,"loc":{"start":{"line":34,"column":4},"end":{"line":37,"column":4}}},"3":{"name":"transferOwnership","line":43,"loc":{"start":{"line":43,"column":4},"end":{"line":46,"column":4}}},"4":{"name":"claimOwnership","line":52,"loc":{"start":{"line":52,"column":4},"end":{"line":56,"column":4}}}},"statementMap":{"1":{"start":{"line":28,"column":8},"end":{"line":28,"column":25}},"2":{"start":{"line":35,"column":8},"end":{"line":35,"column":35}},"3":{"start":{"line":44,"column":8},"end":{"line":44,"column":30}},"4":{"start":{"line":45,"column":8},"end":{"line":45,"column":52}},"5":{"start":{"line":53,"column":8},"end":{"line":53,"column":42}},"6":{"start":{"line":54,"column":8},"end":{"line":54,"column":54}},"7":{"start":{"line":55,"column":8},"end":{"line":55,"column":27}}},"branchMap":{"1":{"line":35,"type":"if","locations":[{"start":{"line":35,"column":8},"end":{"line":35,"column":8}},{"start":{"line":35,"column":8},"end":{"line":35,"column":8}}]},"2":{"line":53,"type":"if","locations":[{"start":{"line":53,"column":8},"end":{"line":53,"column":8}},{"start":{"line":53,"column":8},"end":{"line":53,"column":8}}]}}}}